2022-04-17 16:43:17,811:domconnect.views:Site Source Service обновлены.
2022-04-17 16:51:57,067:django.utils.autoreload:C:\Dev\dj_domconnect\domconnect\views.py changed, reloading.
2022-04-17 16:52:11,882:domconnect.views:Ошибка upgradeSiteSource: try: DcCatalogSourceSEO matching query does not exist.
2022-04-17 16:54:13,051:django.utils.autoreload:C:\Dev\dj_domconnect\domconnect\views.py changed, reloading.
2022-04-17 16:54:21,413:domconnect.views:Ошибка upgradeSiteSource: try: DcCatalogSourceSEO matching query does not exist.
2022-04-17 16:56:21,949:django.utils.autoreload:C:\Dev\dj_domconnect\domconnect\views.py changed, reloading.
2022-04-17 16:56:31,175:domconnect.views:Site Source Service обновлены.
2022-04-17 17:03:54,127:django.utils.autoreload:C:\Dev\dj_domconnect\domconnect\views.py changed, reloading.
2022-04-17 17:04:18,503:django.utils.autoreload:C:\Dev\dj_domconnect\domconnect\views.py changed, reloading.
2022-04-17 17:04:34,362:domconnect.views:Site Source Service обновлены.
2022-04-17 17:04:55,323:django.utils.autoreload:C:\Dev\dj_domconnect\domconnect\views.py changed, reloading.
2022-04-17 17:05:02,279:domconnect.views:Site Source Service обновлены.
2022-04-17 17:05:35,260:django.utils.autoreload:C:\Dev\dj_domconnect\domconnect\views.py changed, reloading.
2022-04-17 17:05:46,939:domconnect.views:Site Source Service обновлены.
2022-04-17 17:15:51,296:django.utils.autoreload:C:\Dev\dj_domconnect\domconnect\views.py changed, reloading.
2022-04-17 17:16:33,349:domconnect.views:Ошибка Икточник: BEELINE-ru-S-74993806540 отсутствует в каталоге.
2022-04-17 17:16:33,576:domconnect.views:Ошибка Икточник: TTK-sev-G-88007753740 отсутствует в каталоге.
2022-04-17 17:16:33,775:domconnect.views:Site Source Service обновлены.
2022-04-17 17:18:17,623:domconnect.lib_seo:Обновение данных SEO запущено.
2022-04-17 17:18:18,844:domconnect.lib_seo:Загрузка завершена. Обработано сделок: 0. Ошибок: 0
2022-04-17 17:18:25,474:domconnect.lib_seo:Загрузка завершена. Обработано лидов: 181. Ошибок: 0
2022-04-17 17:24:42,066:django.utils.autoreload:C:\Dev\dj_domconnect\domconnect\lib_seo.py changed, reloading.
2022-04-17 17:29:23,879:domconnect.lib_seo:Обновение данных SEO запущено.
2022-04-17 17:29:25,058:domconnect.lib_seo:Загрузка завершена. Обработано сделок: 0. Ошибок: 0
2022-04-17 17:29:27,373:domconnect.lib_seo:Загрузка завершена. Обработано лидов: 51. Ошибок: 0
2022-04-17 17:35:32,673:domconnect.lib_seo:Расчет и сохранение данных SEO в кэш закончено.
